[INFO] Scanning for projects...
[INFO] ------------------------------------------------------------------------
[INFO] Building server-core
[INFO]    task-segment: [clean, install]
[INFO] ------------------------------------------------------------------------
[INFO] [clean:clean {execution: default-clean}]
[INFO] Deleting file set: /home/gcauchis/sources/irc/server/server-core/target (included: [**], excluded: [])
[INFO] [resources:copy-resources {execution: copy-conf}]
[INFO] Using 'UTF-8' encoding to copy filtered resources.
[INFO] Copying 1 resource
[INFO] [resources:resources {execution: default-resources}]
[INFO] Using 'UTF-8' encoding to copy filtered resources.
[INFO] Copying 2 resources
[INFO] snapshot com.gc.irc:server-service-api:0.0.2-SNAPSHOT: checking for updates from apache-service
[WARNING] repository metadata for: 'snapshot com.gc.irc:server-service-api:0.0.2-SNAPSHOT' could not be retrieved from repository: apache-service due to an error: Authorization failed: Access denied to: https://repository.apache.org/service/local/staging/deploy/maven2/com/gc/irc/server-service-api/0.0.2-SNAPSHOT/maven-metadata.xml
[INFO] Repository 'apache-service' will be blacklisted
[INFO] [compiler:compile {execution: default-compile}]
[INFO] Compiling 29 source files to /home/gcauchis/sources/irc/server/server-core/target/classes
[INFO] [resources:testResources {execution: default-testResources}]
[INFO] Using 'UTF-8' encoding to copy filtered resources.
[INFO] Copying 1 resource
[INFO] [compiler:testCompile {execution: default-testCompile}]
[INFO] Compiling 13 source files to /home/gcauchis/sources/irc/server/server-core/target/test-classes
[INFO] [surefire:test {execution: default-test}]
[INFO] Surefire report directory: /home/gcauchis/sources/irc/server/server-core/target/surefire-reports

-------------------------------------------------------
 T E S T S
-------------------------------------------------------
Running com.gc.irc.server.test.BasicServerTest
SLF4J: Class path contains multiple SLF4J bindings.
SLF4J: Found binding in [jar:file:/home/gcauchis/.m2/repository/org/slf4j/slf4j-jdk14/1.6.4/slf4j-jdk14-1.6.4.jar!/org/slf4j/impl/StaticLoggerBinder.class]
SLF4J: Found binding in [jar:file:/home/gcauchis/.m2/repository/org/slf4j/slf4j-log4j12/1.6.6/slf4j-log4j12-1.6.6.jar!/org/slf4j/impl/StaticLoggerBinder.class]
SLF4J: See http://www.slf4j.org/codes.html#multiple_bindings for an explanation.
Jan 23, 2013 8:10:00 PM com.gc.irc.server.api.AbstractServerTest lauchServer
INFO: Start jms broker
Jan 23, 2013 8:10:00 PM com.gc.irc.server.conf.ServerConf getProperties
INFO: load conf/servConf.properties
Jan 23, 2013 8:10:00 PM org.apache.activemq.broker.BrokerService doStartPersistenceAdapter
INFO: Using Persistence Adapter: MemoryPersistenceAdapter
Jan 23, 2013 8:10:00 PM org.apache.activemq.broker.jmx.ManagementContext$1 run
INFO: JMX consoles can connect to service:jmx:rmi:///jndi/rmi://localhost:1099/jmxrmi
Jan 23, 2013 8:10:00 PM org.apache.activemq.broker.BrokerService doStartBroker
INFO: Apache ActiveMQ 5.7.0 (localhost, ID:gcauchis-VirtualBox-50168-1358968200796-0:1) is starting
Jan 23, 2013 8:10:00 PM org.apache.activemq.transport.TransportServerThreadSupport doStart
INFO: Listening for connections at: tcp://localhost:61616
Jan 23, 2013 8:10:00 PM org.apache.activemq.broker.TransportConnector start
INFO: Connector tcp://localhost:61616 Started
Jan 23, 2013 8:10:00 PM org.apache.activemq.broker.BrokerService doStartBroker
INFO: Apache ActiveMQ 5.7.0 (localhost, ID:gcauchis-VirtualBox-50168-1358968200796-0:1) started
Jan 23, 2013 8:10:00 PM org.apache.activemq.broker.BrokerService doStartBroker
INFO: For help or more information please see: http://activemq.apache.org
Jan 23, 2013 8:10:00 PM org.apache.activemq.broker.BrokerService checkSystemUsageLimits
SEVERE: Temporary Store limit is 51200 mb, whilst the temporary data directory: /home/gcauchis/sources/irc/server/server-core/activemq-data/localhost/tmp_storage only has 20608 mb of usable space
Jan 23, 2013 8:10:00 PM com.gc.irc.server.api.AbstractServerTest lauchServer
INFO: end start jms broker
Jan 23, 2013 8:10:00 PM com.gc.irc.server.api.AbstractServerTest lauchServer
INFO: Start Server
Jan 23, 2013 8:10:00 PM com.gc.irc.server.api.AbstractServerTest lauchServer
INFO: Wait for server to be up
Jan 23, 2013 8:10:00 PM com.gc.irc.server.ServerStarter startAndWaitForClient
INFO: Load context
Jan 23, 2013 8:10:01 PM org.springframework.context.support.AbstractApplicationContext prepareRefresh
INFO: Refreshing org.springframework.context.support.ClassPathXmlApplicationContext@f102d3: startup date [Wed Jan 23 20:10:01 CET 2013]; root of context hierarchy
Jan 23, 2013 8:10:01 PM org.springframework.beans.factory.xml.XmlBeanDefinitionReader loadBeanDefinitions
INFO: Loading XML bean definitions from URL [file:/home/gcauchis/sources/irc/server/server-core/target/classes/spring-application-config.xml]
Jan 23, 2013 8:10:01 PM org.springframework.beans.factory.xml.XmlBeanDefinitionReader loadBeanDefinitions
INFO: Loading XML bean definitions from URL [jar:file:/home/gcauchis/.m2/repository/com/gc/irc/server-service-impl-file/0.0.2-SNAPSHOT/server-service-impl-file-0.0.2-SNAPSHOT.jar!/spring-server-services-application-config.xml]
Jan 23, 2013 8:10:01 PM org.springframework.context.annotation.ClassPathScanningCandidateComponentProvider registerDefaultFilters
INFO: JSR-250 'javax.annotation.ManagedBean' found and supported for component scanning
Jan 23, 2013 8:10:01 PM org.springframework.context.annotation.ClassPathScanningCandidateComponentProvider registerDefaultFilters
INFO: JSR-330 'javax.inject.Named' annotation found and supported for component scanning
Jan 23, 2013 8:10:01 PM org.springframework.context.annotation.ClassPathScanningCandidateComponentProvider registerDefaultFilters
INFO: JSR-250 'javax.annotation.ManagedBean' found and supported for component scanning
Jan 23, 2013 8:10:01 PM org.springframework.context.annotation.ClassPathScanningCandidateComponentProvider registerDefaultFilters
INFO: JSR-330 'javax.inject.Named' annotation found and supported for component scanning
Jan 23, 2013 8:10:02 PM org.springframework.core.io.support.PropertiesLoaderSupport loadProperties
INFO: Loading properties file from URL [file:/home/gcauchis/sources/irc/server/server-core/target/test-classes/conf/servConf.properties]
Jan 23, 2013 8:10:02 PM org.springframework.beans.factory.annotation.AutowiredAnnotationBeanPostProcessor <init>
INFO: JSR-330 'javax.inject.Inject' annotation found and supported for autowiring
Jan 23, 2013 8:10:02 PM org.springframework.beans.factory.support.DefaultListableBeanFactory preInstantiateSingletons
INFO: Pre-instantiating singletons in org.springframework.beans.factory.support.DefaultListableBeanFactory@63b2e6: defining beans [propertyPlaceholder,authenticationService,userPictureManagement,org.springframework.context.annotation.internalConfigurationAnnotationProcessor,org.springframework.context.annotation.internalAutowiredAnnotationProcessor,org.springframework.context.annotation.internalRequiredAnnotationProcessor,org.springframework.context.annotation.internalCommonAnnotationProcessor,IRCMessageChatHandler,IRCMessageChatPrivateHandler,IRCMessageCommandChangeNicknameHandler,IRCMessageItemPictureHandler,IRCMessageCommandChangeStatusHandler,IRCMessageNoticeContactInfoHandler,gestionClientBeanFactory,ServeurMBeanFactory,serverCore,usersConnectionsManagement,jmsProducer,org.springframework.context.annotation.ConfigurationClassPostProcessor.importAwareProcessor]; root of factory hierarchy
Jan 23, 2013 8:10:02 PM com.gc.irc.server.service.impl.AuthenticationService <init>
WARNING: Fail to read xml file. If file didn't exist yet, don't worry with this error
java.io.FileNotFoundException: /home/gcauchis/sources/irc/server/server-core/auth.xml (No such file or directory)
	at java.io.FileInputStream.open(Native Method)
	at java.io.FileInputStream.<init>(FileInputStream.java:137)
	at java.io.FileInputStream.<init>(FileInputStream.java:96)
	at sun.net.www.protocol.file.FileURLConnection.connect(FileURLConnection.java:87)
	at sun.net.www.protocol.file.FileURLConnection.getInputStream(FileURLConnection.java:178)
	at org.apache.xerces.impl.XMLEntityManager.setupCurrentEntity(Unknown Source)
	at org.apache.xerces.impl.XMLVersionDetector.determineDocVersion(Unknown Source)
	at org.apache.xerces.parsers.XML11Configuration.parse(Unknown Source)
	at org.apache.xerces.parsers.XML11Configuration.parse(Unknown Source)
	at org.apache.xerces.parsers.XMLParser.parse(Unknown Source)
	at org.apache.xerces.parsers.DOMParser.parse(Unknown Source)
	at org.apache.xerces.jaxp.DocumentBuilderImpl.parse(Unknown Source)
	at com.gc.irc.server.service.utils.UserInformationScanner.<init>(UserInformationScanner.java:163)
	at com.gc.irc.server.service.impl.AuthenticationService.<init>(AuthenticationService.java:63)
	at sun.reflect.NativeConstructorAccessorImpl.newInstance0(Native Method)
	at sun.reflect.NativeConstructorAccessorImpl.newInstance(NativeConstructorAccessorImpl.java:57)
	at sun.reflect.DelegatingConstructorAccessorImpl.newInstance(DelegatingConstructorAccessorImpl.java:45)
	at java.lang.reflect.Constructor.newInstance(Constructor.java:532)
	at org.springframework.beans.BeanUtils.instantiateClass(BeanUtils.java:148)
	at org.springframework.beans.factory.support.SimpleInstantiationStrategy.instantiate(SimpleInstantiationStrategy.java:87)
	at org.springframework.beans.factory.support.AbstractAutowireCapableBeanFactory.instantiateBean(AbstractAutowireCapableBeanFactory.java:1004)
	at org.springframework.beans.factory.support.AbstractAutowireCapableBeanFactory.createBeanInstance(AbstractAutowireCapableBeanFactory.java:957)
	at org.springframework.beans.factory.support.AbstractAutowireCapableBeanFactory.doCreateBean(AbstractAutowireCapableBeanFactory.java:490)
	at org.springframework.beans.factory.support.AbstractAutowireCapableBeanFactory.createBean(AbstractAutowireCapableBeanFactory.java:461)
	at org.springframework.beans.factory.support.AbstractBeanFactory$1.getObject(AbstractBeanFactory.java:295)
	at org.springframework.beans.factory.support.DefaultSingletonBeanRegistry.getSingleton(DefaultSingletonBeanRegistry.java:223)
	at org.springframework.beans.factory.support.AbstractBeanFactory.doGetBean(AbstractBeanFactory.java:292)
	at org.springframework.beans.factory.support.AbstractBeanFactory.getBean(AbstractBeanFactory.java:194)
	at org.springframework.beans.factory.support.DefaultListableBeanFactory.preInstantiateSingletons(DefaultListableBeanFactory.java:607)
	at org.springframework.context.support.AbstractApplicationContext.finishBeanFactoryInitialization(AbstractApplicationContext.java:932)
	at org.springframework.context.support.AbstractApplicationContext.refresh(AbstractApplicationContext.java:479)
	at org.springframework.context.support.ClassPathXmlApplicationContext.<init>(ClassPathXmlApplicationContext.java:139)
	at org.springframework.context.support.ClassPathXmlApplicationContext.<init>(ClassPathXmlApplicationContext.java:83)
	at com.gc.irc.server.ServerStarter.startAndWaitForClient(ServerStarter.java:52)
	at com.gc.irc.server.ServerStarter.run(ServerStarter.java:44)
	at java.lang.Thread.run(Thread.java:679)
Jan 23, 2013 8:10:02 PM com.gc.irc.server.ServerStarter startAndWaitForClient
INFO: Retreive server core bean
Jan 23, 2013 8:10:02 PM com.gc.irc.server.ServerStarter startAndWaitForClient
INFO: Init server
Jan 23, 2013 8:10:02 PM com.gc.irc.server.core.ServerCore initServeur
INFO: Initialise server.
Jan 23, 2013 8:10:02 PM com.gc.irc.server.core.ServerCore initServeur
INFO: Server initialize. Listen port 1973
Jan 23, 2013 8:10:02 PM com.gc.irc.server.ServerStarter startAndWaitForClient
INFO: Start Waiting for client
Jan 23, 2013 8:10:02 PM com.gc.irc.server.api.AbstractServerTest lauchServer
INFO: Server up
Jan 23, 2013 8:10:02 PM com.gc.irc.common.connector.ConnectionHandler <init>
INFO: The server parameters will be : name=localhost port=1973
Jan 23, 2013 8:10:02 PM com.gc.irc.server.api.AbstractServerTest getConnectionToServer
INFO: Wait for connectionHandler to be up
Jan 23, 2013 8:10:02 PM com.gc.irc.common.connector.ConnectionHandler run
INFO: Trying to connect
Jan 23, 2013 8:10:02 PM com.gc.irc.common.connector.ConnectionHandler run
INFO: Socket successfully created.  Local port : 49672
Jan 23, 2013 8:10:02 PM com.gc.irc.server.thread.impl.GestionClientBean <init>
INFO: 1 Initialisation du thread.
Jan 23, 2013 8:10:02 PM com.gc.irc.server.thread.impl.GestionClientBean run
INFO: 1 Start Thread.
Jan 23, 2013 8:10:02 PM com.gc.irc.server.test.handler.AbstractMessageHandlerTester handle
INFO: Message recived: IRCMessageNoticeServerMessage [message=Welcome on our server.]
Jan 23, 2013 8:10:03 PM com.gc.irc.server.api.AbstractServerTest getConnectionToServer
INFO: connectionHandler up
Jan 23, 2013 8:10:03 PM com.gc.irc.server.test.handler.AbstractMessageHandlerTester handle
INFO: Message recived: IRCMessageNoticeLogin [user=null]
Jan 23, 2013 8:10:03 PM com.gc.irc.server.model.UserInformations <init>
INFO: New users 1: login : test
Jan 23, 2013 8:10:03 PM com.gc.irc.server.test.handler.AbstractMessageHandlerTester handle
INFO: Message recived: IRCMessageNoticeRegister [user=IRCUser(com.gc.irc.common.entity.IRCUser@9319d9) [id=1, nickName=test, userStatus=ONLINE]]
Jan 23, 2013 8:10:03 PM com.gc.irc.server.test.handler.LoginMessageHandler handleInternal
INFO: REGISTER USER : <IRCUser id="1" nickname="test" status="ONLINE" hasPictur="false" />

Jan 23, 2013 8:10:03 PM com.gc.irc.server.jms.impl.JMSProducer <init>
INFO: 1 Create the JMS producer
Jan 23, 2013 8:10:03 PM com.gc.irc.common.connector.ConnectionHandler run
INFO: Trying to connect
Jan 23, 2013 8:10:03 PM com.gc.irc.server.thread.impl.GestionClientBean <init>
INFO: 2 Initialisation du thread.
Jan 23, 2013 8:10:03 PM com.gc.irc.common.connector.ConnectionHandler run
INFO: Socket successfully created.  Local port : 49674
Jan 23, 2013 8:10:03 PM com.gc.irc.server.thread.impl.GestionClientBean run
INFO: 2 Start Thread.
Jan 23, 2013 8:10:03 PM com.gc.irc.common.connector.ConnectionHandler <init>
INFO: The server parameters will be : name=localhost port=1973
Jan 23, 2013 8:10:03 PM com.gc.irc.common.connector.ConnectionHandler run
WARNING: No messageHandler to handle IRCMessageNoticeServerMessage [message=Welcome on our server.]
Jan 23, 2013 8:10:03 PM com.gc.irc.server.api.AbstractServerTest getConnectionToServer
INFO: Wait for connectionHandler to be up
Jan 23, 2013 8:10:03 PM com.gc.irc.common.connector.ConnectionHandler run
INFO: Trying to connect
Jan 23, 2013 8:10:03 PM com.gc.irc.server.thread.impl.GestionClientBean <init>
INFO: 3 Initialisation du thread.
Jan 23, 2013 8:10:03 PM com.gc.irc.common.connector.ConnectionHandler run
INFO: Socket successfully created.  Local port : 49675
Jan 23, 2013 8:10:03 PM com.gc.irc.server.thread.impl.GestionClientBean run
INFO: 3 Start Thread.
Jan 23, 2013 8:10:03 PM com.gc.irc.server.test.handler.AbstractMessageHandlerTester handle
INFO: Message recived: IRCMessageNoticeServerMessage [message=Welcome on our server.]
Jan 23, 2013 8:10:03 PM com.gc.irc.server.thread.impl.GestionClientBean protocoleDAuthentification
WARNING: 1 Fail to send list connected users.
java.net.SocketException: Broken pipe
	at java.net.SocketOutputStream.socketWrite0(Native Method)
	at java.net.SocketOutputStream.socketWrite(SocketOutputStream.java:109)
	at java.net.SocketOutputStream.write(SocketOutputStream.java:153)
	at java.io.ObjectOutputStream$BlockDataOutputStream.drain(ObjectOutputStream.java:1857)
	at java.io.ObjectOutputStream$BlockDataOutputStream.setBlockDataMode(ObjectOutputStream.java:1766)
	at java.io.ObjectOutputStream.writeNonProxyDesc(ObjectOutputStream.java:1273)
	at java.io.ObjectOutputStream.writeClassDesc(ObjectOutputStream.java:1227)
	at java.io.ObjectOutputStream.writeOrdinaryObject(ObjectOutputStream.java:1411)
	at java.io.ObjectOutputStream.writeObject0(ObjectOutputStream.java:1174)
	at java.io.ObjectOutputStream.writeFatalException(ObjectOutputStream.java:1557)
	at java.io.ObjectOutputStream.writeObject(ObjectOutputStream.java:349)
	at com.gc.irc.common.utils.IOStreamUtils.sendMessage(IOStreamUtils.java:46)
	at com.gc.irc.server.thread.impl.GestionClientBean.protocoleDAuthentification(GestionClientBean.java:313)
	at com.gc.irc.server.thread.impl.GestionClientBean.run(GestionClientBean.java:400)
	at java.lang.Thread.run(Thread.java:679)
Jan 23, 2013 8:10:03 PM com.gc.irc.server.thread.impl.GestionClientBean run
WARNING: 1 Fail to autentificate the Client : 
com.gc.irc.server.exception.ServerException: java.net.SocketException: Broken pipe
	at com.gc.irc.server.thread.impl.GestionClientBean.protocoleDAuthentification(GestionClientBean.java:318)
	at com.gc.irc.server.thread.impl.GestionClientBean.run(GestionClientBean.java:400)
	at java.lang.Thread.run(Thread.java:679)
Caused by: java.net.SocketException: Broken pipe
	at java.net.SocketOutputStream.socketWrite0(Native Method)
	at java.net.SocketOutputStream.socketWrite(SocketOutputStream.java:109)
	at java.net.SocketOutputStream.write(SocketOutputStream.java:153)
	at java.io.ObjectOutputStream$BlockDataOutputStream.drain(ObjectOutputStream.java:1857)
	at java.io.ObjectOutputStream$BlockDataOutputStream.setBlockDataMode(ObjectOutputStream.java:1766)
	at java.io.ObjectOutputStream.writeNonProxyDesc(ObjectOutputStream.java:1273)
	at java.io.ObjectOutputStream.writeClassDesc(ObjectOutputStream.java:1227)
	at java.io.ObjectOutputStream.writeOrdinaryObject(ObjectOutputStream.java:1411)
	at java.io.ObjectOutputStream.writeObject0(ObjectOutputStream.java:1174)
	at java.io.ObjectOutputStream.writeFatalException(ObjectOutputStream.java:1557)
	at java.io.ObjectOutputStream.writeObject(ObjectOutputStream.java:349)
	at com.gc.irc.common.utils.IOStreamUtils.sendMessage(IOStreamUtils.java:46)
	at com.gc.irc.server.thread.impl.GestionClientBean.protocoleDAuthentification(GestionClientBean.java:313)
	... 2 more
Jan 23, 2013 8:10:03 PM com.gc.irc.server.thread.impl.GestionClientBean disconnectUser
INFO: 1 Closing Client's connection /127.0.0.1.
Jan 23, 2013 8:10:03 PM com.gc.irc.server.thread.impl.GestionClientBean disconnectUser
WARNING: 1 Fail to close Client's connection /127.0.0.1 : 
java.net.SocketException: Socket closed
	at java.net.SocketOutputStream.socketWrite(SocketOutputStream.java:116)
	at java.net.SocketOutputStream.write(SocketOutputStream.java:153)
	at java.io.ObjectOutputStream$BlockDataOutputStream.drain(ObjectOutputStream.java:1857)
	at java.io.ObjectOutputStream$BlockDataOutputStream.flush(ObjectOutputStream.java:1802)
	at java.io.ObjectOutputStream.flush(ObjectOutputStream.java:715)
	at java.io.ObjectOutputStream.close(ObjectOutputStream.java:736)
	at com.gc.irc.server.thread.impl.GestionClientBean.disconnectUser(GestionClientBean.java:160)
	at com.gc.irc.server.thread.impl.GestionClientBean.run(GestionClientBean.java:423)
	at java.lang.Thread.run(Thread.java:679)
Jan 23, 2013 8:10:04 PM com.gc.irc.server.api.AbstractServerTest getConnectionToServer
INFO: connectionHandler up
Jan 23, 2013 8:10:04 PM com.gc.irc.server.test.handler.AbstractMessageHandlerTester handle
INFO: Message recived: IRCMessageNoticeLogin [user=null]
Jan 23, 2013 8:10:04 PM com.gc.irc.server.model.UserInformations <init>
INFO: New users 2: login : test1
Jan 23, 2013 8:10:04 PM com.gc.irc.server.test.handler.AbstractMessageHandlerTester handle
INFO: Message recived: IRCMessageNoticeRegister [user=IRCUser(com.gc.irc.common.entity.IRCUser@10eeb26) [id=2, nickName=test1, userStatus=ONLINE]]
Jan 23, 2013 8:10:04 PM com.gc.irc.server.test.handler.LoginMessageHandler handleInternal
INFO: REGISTER USER : <IRCUser id="2" nickname="test1" status="ONLINE" hasPictur="false" />

Jan 23, 2013 8:10:04 PM com.gc.irc.server.test.handler.AbstractMessageHandlerTester handle
INFO: Message recived: IRCMessageNoticeContactsList [listeUsers=[IRCUser(com.gc.irc.common.entity.IRCUser@690247) [id=2, nickName=test1, userStatus=ONLINE]]]
Jan 23, 2013 8:10:04 PM com.gc.irc.server.test.handler.LoginMessageHandler handleInternal
INFO: Contact list received : IRCMessageNoticeContactsList [listeUsers=[IRCUser(com.gc.irc.common.entity.IRCUser@690247) [id=2, nickName=test1, userStatus=ONLINE]]]
Jan 23, 2013 8:10:04 PM com.gc.irc.common.connector.ConnectionHandler run
INFO: Trying to connect
Jan 23, 2013 8:10:04 PM com.gc.irc.common.connector.ConnectionHandler <init>
INFO: The server parameters will be : name=localhost port=1973
Jan 23, 2013 8:10:04 PM com.gc.irc.common.connector.ConnectionHandler run
INFO: Socket successfully created.  Local port : 49676
Jan 23, 2013 8:10:04 PM com.gc.irc.server.thread.impl.GestionClientBean receiveMessage
WARNING: 3 Fail to receive a message : 
java.io.EOFException
	at java.io.ObjectInputStream$BlockDataInputStream.peekByte(ObjectInputStream.java:2570)
	at java.io.ObjectInputStream.readObject0(ObjectInputStream.java:1314)
	at java.io.ObjectInputStream.readObject(ObjectInputStream.java:368)
	at com.gc.irc.common.utils.IOStreamUtils.receiveMessage(IOStreamUtils.java:30)
	at com.gc.irc.server.thread.impl.GestionClientBean.receiveMessage(GestionClientBean.java:378)
	at com.gc.irc.server.thread.impl.GestionClientBean.run(GestionClientBean.java:411)
	at java.lang.Thread.run(Thread.java:679)
Jan 23, 2013 8:10:04 PM com.gc.irc.server.thread.impl.GestionClientBean <init>
INFO: 4 Initialisation du thread.
Jan 23, 2013 8:10:04 PM com.gc.irc.server.thread.impl.GestionClientBean socketAlive
INFO: 3 Test if the socket have no problem.
Jan 23, 2013 8:10:04 PM com.gc.irc.server.thread.impl.GestionClientBean run
INFO: 3 Empty message. Closing Connection.
Jan 23, 2013 8:10:04 PM com.gc.irc.common.connector.ConnectionHandler run
INFO: Trying to connect
Jan 23, 2013 8:10:04 PM com.gc.irc.server.thread.impl.GestionClientBean run
INFO: 4 Start Thread.
Jan 23, 2013 8:10:04 PM com.gc.irc.server.thread.impl.GestionClientBean <init>
INFO: 5 Initialisation du thread.
Jan 23, 2013 8:10:04 PM com.gc.irc.server.api.AbstractServerTest getConnectionToServer
INFO: Wait for connectionHandler to be up
Jan 23, 2013 8:10:04 PM com.gc.irc.common.connector.ConnectionHandler run
INFO: Socket successfully created.  Local port : 49677
Jan 23, 2013 8:10:04 PM com.gc.irc.server.thread.impl.GestionClientBean disconnectUser
INFO: 3 Closing Client's connection /127.0.0.1.
Jan 23, 2013 8:10:04 PM com.gc.irc.server.thread.impl.GestionClientBean run
INFO: 5 Start Thread.
Jan 23, 2013 8:10:04 PM com.gc.irc.common.connector.ConnectionHandler run
WARNING: No messageHandler to handle IRCMessageNoticeServerMessage [message=Welcome on our server.]
Jan 23, 2013 8:10:04 PM com.gc.irc.server.test.handler.AbstractMessageHandlerTester handle
INFO: Message recived: IRCMessageNoticeServerMessage [message=Welcome on our server.]
Jan 23, 2013 8:10:05 PM com.gc.irc.server.api.AbstractServerTest getConnectionToServer
INFO: connectionHandler up
Jan 23, 2013 8:10:05 PM com.gc.irc.server.test.handler.AbstractMessageHandlerTester handle
INFO: Message recived: IRCMessageNoticeLogin [user=null]
Jan 23, 2013 8:10:05 PM com.gc.irc.server.model.UserInformations <init>
INFO: New users 3: login : test2
Jan 23, 2013 8:10:05 PM com.gc.irc.server.test.handler.AbstractMessageHandlerTester handle
INFO: Message recived: IRCMessageNoticeRegister [user=IRCUser(com.gc.irc.common.entity.IRCUser@13af084) [id=3, nickName=test2, userStatus=ONLINE]]
Jan 23, 2013 8:10:05 PM com.gc.irc.server.test.handler.LoginMessageHandler handleInternal
INFO: REGISTER USER : <IRCUser id="3" nickname="test2" status="ONLINE" hasPictur="false" />

Jan 23, 2013 8:10:05 PM com.gc.irc.server.test.handler.AbstractMessageHandlerTester handle
INFO: Message recived: IRCMessageNoticeContactsList [listeUsers=[IRCUser(com.gc.irc.common.entity.IRCUser@45ce17) [id=3, nickName=test2, userStatus=ONLINE]]]
Jan 23, 2013 8:10:05 PM com.gc.irc.server.test.handler.LoginMessageHandler handleInternal
INFO: Contact list received : IRCMessageNoticeContactsList [listeUsers=[IRCUser(com.gc.irc.common.entity.IRCUser@45ce17) [id=3, nickName=test2, userStatus=ONLINE]]]
Jan 23, 2013 8:10:05 PM com.gc.irc.common.connector.ConnectionHandler run
INFO: Trying to connect
Jan 23, 2013 8:10:05 PM com.gc.irc.common.connector.ConnectionHandler run
INFO: Socket successfully created.  Local port : 49678
Jan 23, 2013 8:10:05 PM com.gc.irc.server.thread.impl.GestionClientBean <init>
INFO: 6 Initialisation du thread.
Jan 23, 2013 8:10:05 PM com.gc.irc.server.thread.impl.GestionClientBean receiveMessage
WARNING: 5 Fail to receive a message : 
java.io.EOFException
	at java.io.ObjectInputStream$BlockDataInputStream.peekByte(ObjectInputStream.java:2570)
	at java.io.ObjectInputStream.readObject0(ObjectInputStream.java:1314)
	at java.io.ObjectInputStream.readObject(ObjectInputStream.java:368)
	at com.gc.irc.common.utils.IOStreamUtils.receiveMessage(IOStreamUtils.java:30)
	at com.gc.irc.server.thread.impl.GestionClientBean.receiveMessage(GestionClientBean.java:378)
	at com.gc.irc.server.thread.impl.GestionClientBean.run(GestionClientBean.java:411)
	at java.lang.Thread.run(Thread.java:679)
Jan 23, 2013 8:10:05 PM com.gc.irc.server.thread.impl.GestionClientBean socketAlive
INFO: 5 Test if the socket have no problem.
Jan 23, 2013 8:10:05 PM com.gc.irc.common.connector.ConnectionHandler <init>
INFO: The server parameters will be : name=localhost port=1973
Jan 23, 2013 8:10:05 PM com.gc.irc.server.thread.impl.GestionClientBean run
INFO: 5 Empty message. Closing Connection.
Jan 23, 2013 8:10:05 PM com.gc.irc.server.thread.impl.GestionClientBean run
INFO: 6 Start Thread.
Jan 23, 2013 8:10:05 PM com.gc.irc.server.api.AbstractServerTest getConnectionToServer
INFO: Wait for connectionHandler to be up
Jan 23, 2013 8:10:05 PM com.gc.irc.common.connector.ConnectionHandler run
INFO: Trying to connect
Jan 23, 2013 8:10:05 PM com.gc.irc.server.thread.impl.GestionClientBean disconnectUser
INFO: 5 Closing Client's connection /127.0.0.1.
Jan 23, 2013 8:10:05 PM com.gc.irc.common.connector.ConnectionHandler run
WARNING: No messageHandler to handle IRCMessageNoticeServerMessage [message=Welcome on our server.]
Jan 23, 2013 8:10:05 PM com.gc.irc.common.connector.ConnectionHandler run
INFO: Socket successfully created.  Local port : 49679
Jan 23, 2013 8:10:05 PM com.gc.irc.server.thread.impl.GestionClientBean <init>
INFO: 7 Initialisation du thread.
Jan 23, 2013 8:10:05 PM com.gc.irc.server.thread.impl.GestionClientBean run
INFO: 7 Start Thread.
Jan 23, 2013 8:10:05 PM com.gc.irc.server.test.handler.AbstractMessageHandlerTester handle
INFO: Message recived: IRCMessageNoticeServerMessage [message=Welcome on our server.]
Jan 23, 2013 8:10:06 PM com.gc.irc.server.api.AbstractServerTest getConnectionToServer
INFO: connectionHandler up
Jan 23, 2013 8:10:06 PM com.gc.irc.server.test.handler.AbstractMessageHandlerTester handle
INFO: Message recived: IRCMessageNoticeLogin [user=null]
Jan 23, 2013 8:10:06 PM com.gc.irc.server.model.UserInformations <init>
INFO: New users 4: login : TestUser427848493508
Jan 23, 2013 8:10:06 PM com.gc.irc.server.test.handler.AbstractMessageHandlerTester handle
INFO: Message recived: IRCMessageNoticeRegister [user=IRCUser(com.gc.irc.common.entity.IRCUser@1535a58) [id=4, nickName=TestUser427848493508, userStatus=ONLINE]]
Jan 23, 2013 8:10:06 PM com.gc.irc.server.test.handler.LoginMessageHandler handleInternal
INFO: REGISTER USER : <IRCUser id="4" nickname="TestUser427848493508" status="ONLINE" hasPictur="false" />

Jan 23, 2013 8:10:06 PM com.gc.irc.server.test.handler.AbstractMessageHandlerTester handle
INFO: Message recived: IRCMessageNoticeContactsList [listeUsers=[IRCUser(com.gc.irc.common.entity.IRCUser@c8e4de) [id=4, nickName=TestUser427848493508, userStatus=ONLINE]]]
Jan 23, 2013 8:10:06 PM com.gc.irc.server.test.handler.LoginMessageHandler handleInternal
INFO: Contact list received : IRCMessageNoticeContactsList [listeUsers=[IRCUser(com.gc.irc.common.entity.IRCUser@c8e4de) [id=4, nickName=TestUser427848493508, userStatus=ONLINE]]]
Jan 23, 2013 8:10:07 PM com.gc.irc.common.connector.ConnectionHandler run
INFO: Trying to connect
Jan 23, 2013 8:10:07 PM com.gc.irc.server.thread.impl.GestionClientBean receiveMessage
WARNING: 7 Fail to receive a message : 
java.io.EOFException
	at java.io.ObjectInputStream$BlockDataInputStream.peekByte(ObjectInputStream.java:2570)
	at java.io.ObjectInputStream.readObject0(ObjectInputStream.java:1314)
	at java.io.ObjectInputStream.readObject(ObjectInputStream.java:368)
	at com.gc.irc.common.utils.IOStreamUtils.receiveMessage(IOStreamUtils.java:30)
	at com.gc.irc.server.thread.impl.GestionClientBean.receiveMessage(GestionClientBean.java:378)
	at com.gc.irc.server.thread.impl.GestionClientBean.run(GestionClientBean.java:411)
	at java.lang.Thread.run(Thread.java:679)
Jan 23, 2013 8:10:07 PM com.gc.irc.server.thread.impl.GestionClientBean <init>
INFO: 8 Initialisation du thread.
Jan 23, 2013 8:10:07 PM com.gc.irc.common.connector.ConnectionHandler <init>
INFO: The server parameters will be : name=localhost port=1973
Jan 23, 2013 8:10:07 PM com.gc.irc.common.connector.ConnectionHandler run
INFO: Socket successfully created.  Local port : 49680
Jan 23, 2013 8:10:07 PM com.gc.irc.server.thread.impl.GestionClientBean socketAlive
INFO: 7 Test if the socket have no problem.
Jan 23, 2013 8:10:07 PM com.gc.irc.server.api.AbstractServerTest getConnectionToServer
INFO: Wait for connectionHandler to be up
Jan 23, 2013 8:10:07 PM com.gc.irc.server.thread.impl.GestionClientBean run
INFO: 7 Empty message. Closing Connection.
Jan 23, 2013 8:10:07 PM com.gc.irc.common.connector.ConnectionHandler run
INFO: Trying to connect
Jan 23, 2013 8:10:07 PM com.gc.irc.server.thread.impl.GestionClientBean run
INFO: 8 Start Thread.
Jan 23, 2013 8:10:07 PM com.gc.irc.common.connector.ConnectionHandler run
INFO: Socket successfully created.  Local port : 49681
Jan 23, 2013 8:10:07 PM com.gc.irc.server.thread.impl.GestionClientBean <init>
INFO: 9 Initialisation du thread.
Jan 23, 2013 8:10:07 PM com.gc.irc.server.thread.impl.GestionClientBean disconnectUser
INFO: 7 Closing Client's connection /127.0.0.1.
Jan 23, 2013 8:10:07 PM com.gc.irc.server.thread.impl.GestionClientBean run
INFO: 9 Start Thread.
Jan 23, 2013 8:10:07 PM com.gc.irc.common.connector.ConnectionHandler run
WARNING: No messageHandler to handle IRCMessageNoticeServerMessage [message=Welcome on our server.]
Jan 23, 2013 8:10:07 PM com.gc.irc.server.test.handler.AbstractMessageHandlerTester handle
INFO: Message recived: IRCMessageNoticeServerMessage [message=Welcome on our server.]
Jan 23, 2013 8:10:07 PM com.gc.irc.server.api.AbstractServerTest getConnectionToServer
INFO: connectionHandler up
Jan 23, 2013 8:10:07 PM com.gc.irc.server.test.BasicServerTest sendMsg
INFO: send msg
Jan 23, 2013 8:10:08 PM com.gc.irc.server.test.BasicServerTest sendMsg
INFO: send msg
Jan 23, 2013 8:10:08 PM com.gc.irc.server.test.BasicServerTest sendMsg
INFO: send msg
Jan 23, 2013 8:10:09 PM com.gc.irc.server.test.BasicServerTest sendMsg
INFO: send msg
Jan 23, 2013 8:10:09 PM com.gc.irc.server.test.BasicServerTest sendMsg
INFO: send msg
Jan 23, 2013 8:10:10 PM com.gc.irc.common.connector.ConnectionHandler run
INFO: Trying to connect
Jan 23, 2013 8:10:10 PM com.gc.irc.server.api.AbstractServerTest cleanAll
INFO: Close env
Jan 23, 2013 8:10:10 PM org.apache.activemq.broker.BrokerService stop
INFO: Apache ActiveMQ 5.7.0 (localhost, ID:gcauchis-VirtualBox-50168-1358968200796-0:1) is shutting down
Jan 23, 2013 8:10:10 PM com.gc.irc.server.thread.impl.GestionClientBean protocoleDAuthentification
WARNING: 9 Fail to receive the Login/Registration Message : 
java.io.EOFException
	at java.io.ObjectInputStream$BlockDataInputStream.peekByte(ObjectInputStream.java:2570)
	at java.io.ObjectInputStream.readObject0(ObjectInputStream.java:1314)
	at java.io.ObjectInputStream.readObject(ObjectInputStream.java:368)
	at com.gc.irc.common.utils.IOStreamUtils.receiveMessage(IOStreamUtils.java:30)
	at com.gc.irc.server.thread.impl.GestionClientBean.protocoleDAuthentification(GestionClientBean.java:233)
	at com.gc.irc.server.thread.impl.GestionClientBean.run(GestionClientBean.java:400)
	at java.lang.Thread.run(Thread.java:679)
Jan 23, 2013 8:10:10 PM com.gc.irc.server.thread.impl.GestionClientBean run
WARNING: 9 Fail to autentificate the Client : 
com.gc.irc.server.exception.ServerException: java.io.EOFException
	at com.gc.irc.server.thread.impl.GestionClientBean.protocoleDAuthentification(GestionClientBean.java:239)
	at com.gc.irc.server.thread.impl.GestionClientBean.run(GestionClientBean.java:400)
	at java.lang.Thread.run(Thread.java:679)
Caused by: java.io.EOFException
	at java.io.ObjectInputStream$BlockDataInputStream.peekByte(ObjectInputStream.java:2570)
	at java.io.ObjectInputStream.readObject0(ObjectInputStream.java:1314)
	at java.io.ObjectInputStream.readObject(ObjectInputStream.java:368)
	at com.gc.irc.common.utils.IOStreamUtils.receiveMessage(IOStreamUtils.java:30)
	at com.gc.irc.server.thread.impl.GestionClientBean.protocoleDAuthentification(GestionClientBean.java:233)
	... 2 more
Jan 23, 2013 8:10:10 PM com.gc.irc.common.connector.ConnectionHandler run
INFO: Socket successfully created.  Local port : 49682
Jan 23, 2013 8:10:10 PM com.gc.irc.server.thread.impl.GestionClientBean <init>
INFO: 10 Initialisation du thread.
Jan 23, 2013 8:10:10 PM com.gc.irc.server.thread.impl.GestionClientBean disconnectUser
INFO: 9 Closing Client's connection /127.0.0.1.
Jan 23, 2013 8:10:10 PM com.gc.irc.server.thread.impl.GestionClientBean run
INFO: 10 Start Thread.
Jan 23, 2013 8:10:10 PM com.gc.irc.server.test.handler.AbstractMessageHandlerTester handle
INFO: Message recived: IRCMessageNoticeServerMessage [message=Welcome on our server.]
Jan 23, 2013 8:10:10 PM com.gc.irc.server.thread.impl.ServeurMBean waitAndHandleJMSMessage
WARNING: 1 Fail to receive message in JMS Queue : 
javax.jms.JMSException: java.io.EOFException
	at org.apache.activemq.util.JMSExceptionSupport.create(JMSExceptionSupport.java:62)
	at org.apache.activemq.ActiveMQMessageConsumer.dequeue(ActiveMQMessageConsumer.java:476)
	at org.apache.activemq.ActiveMQMessageConsumer.receive(ActiveMQMessageConsumer.java:522)
	at com.gc.irc.server.thread.impl.ServeurMBean.waitAndHandleJMSMessage(ServeurMBean.java:293)
	at com.gc.irc.server.thread.impl.ServeurMBean.run(ServeurMBean.java:225)
	at java.lang.Thread.run(Thread.java:679)
Caused by: java.io.EOFException
	at java.io.DataInputStream.readInt(DataInputStream.java:392)
	at org.apache.activemq.openwire.OpenWireFormat.unmarshal(OpenWireFormat.java:275)
	at org.apache.activemq.transport.tcp.TcpTransport.readCommand(TcpTransport.java:229)
	at org.apache.activemq.transport.tcp.TcpTransport.doRun(TcpTransport.java:221)
	at org.apache.activemq.transport.tcp.TcpTransport.run(TcpTransport.java:204)
	... 1 more
Jan 23, 2013 8:10:10 PM org.apache.activemq.broker.TransportConnector stop
INFO: Connector tcp://localhost:61616 Stopped
Jan 23, 2013 8:10:10 PM com.gc.irc.server.thread.impl.ServeurMBean buildMessageConsumer
SEVERE: 1 Fail to create JMS Consumer : 
javax.jms.IllegalStateException: The Session is closed
	at org.apache.activemq.ActiveMQSession.checkClosed(ActiveMQSession.java:731)
	at org.apache.activemq.ActiveMQSession.createConsumer(ActiveMQSession.java:1129)
	at org.apache.activemq.ActiveMQSession.createConsumer(ActiveMQSession.java:1088)
	at org.apache.activemq.ActiveMQSession.createConsumer(ActiveMQSession.java:1001)
	at org.apache.activemq.ActiveMQSession.createConsumer(ActiveMQSession.java:974)
	at com.gc.irc.server.jms.utils.JMSConnectionUtils.createConsumer(JMSConnectionUtils.java:45)
	at com.gc.irc.server.thread.impl.ServeurMBean.buildMessageConsumer(ServeurMBean.java:76)
	at com.gc.irc.server.thread.impl.ServeurMBean.waitAndHandleJMSMessage(ServeurMBean.java:304)
	at com.gc.irc.server.thread.impl.ServeurMBean.run(ServeurMBean.java:225)
	at java.lang.Thread.run(Thread.java:679)
Jan 23, 2013 8:10:10 PM com.gc.irc.server.thread.impl.ServeurMBean waitAndHandleJMSMessage
SEVERE: JMS in bad State
javax.jms.IllegalStateException: The Consumer is closed
	at org.apache.activemq.ActiveMQMessageConsumer.checkClosed(ActiveMQMessageConsumer.java:817)
	at org.apache.activemq.ActiveMQMessageConsumer.receive(ActiveMQMessageConsumer.java:518)
	at com.gc.irc.server.thread.impl.ServeurMBean.waitAndHandleJMSMessage(ServeurMBean.java:293)
	at com.gc.irc.server.thread.impl.ServeurMBean.run(ServeurMBean.java:225)
	at java.lang.Thread.run(Thread.java:679)

Results :

Tests run: 0, Failures: 0, Errors: 0, Skipped: 0

[INFO] [dependency:copy-dependencies {execution: copy-dependencies}]
[INFO] Copying jaxp-api-1.3.jar to /home/gcauchis/sources/irc/server/server-core/target/lib/jaxp-api-1.3.jar
[INFO] Copying ant-1.6.5.jar to /home/gcauchis/sources/irc/server/server-core/target/lib/ant-1.6.5.jar
[INFO] Copying aopalliance-1.0.jar to /home/gcauchis/sources/irc/server/server-core/target/lib/aopalliance-1.0.jar
[INFO] Copying bcprov-jdk16-140.jar to /home/gcauchis/sources/irc/server/server-core/target/lib/bcprov-jdk16-140.jar
[INFO] Copying common-0.0.2-SNAPSHOT.jar to /home/gcauchis/sources/irc/server/server-core/target/lib/common-0.0.2-SNAPSHOT.jar
[INFO] Copying server-model-0.0.2-SNAPSHOT.jar to /home/gcauchis/sources/irc/server/server-core/target/lib/server-model-0.0.2-SNAPSHOT.jar
[INFO] Copying server-service-api-0.0.2-SNAPSHOT.jar to /home/gcauchis/sources/irc/server/server-core/target/lib/server-service-api-0.0.2-SNAPSHOT.jar
[INFO] Copying server-service-impl-file-0.0.2-SNAPSHOT.jar to /home/gcauchis/sources/irc/server/server-core/target/lib/server-service-impl-file-0.0.2-SNAPSHOT.jar
[INFO] Copying jsr305-1.3.9.jar to /home/gcauchis/sources/irc/server/server-core/target/lib/jsr305-1.3.9.jar
[INFO] Copying guava-10.0.1.jar to /home/gcauchis/sources/irc/server/server-core/target/lib/guava-10.0.1.jar
[INFO] Copying guice-3.0.jar to /home/gcauchis/sources/irc/server/server-core/target/lib/guice-3.0.jar
[INFO] Copying guice-multibindings-3.0.jar to /home/gcauchis/sources/irc/server/server-core/target/lib/guice-multibindings-3.0.jar
[INFO] Copying xstream-1.4.3.jar to /home/gcauchis/sources/irc/server/server-core/target/lib/xstream-1.4.3.jar
[INFO] Copying mx-native-loader-1.2.jar to /home/gcauchis/sources/irc/server/server-core/target/lib/mx-native-loader-1.2.jar
[INFO] Copying commons-beanutils-1.8.3.jar to /home/gcauchis/sources/irc/server/server-core/target/lib/commons-beanutils-1.8.3.jar
[INFO] Copying commons-beanutils-core-1.8.0.jar to /home/gcauchis/sources/irc/server/server-core/target/lib/commons-beanutils-core-1.8.0.jar
[INFO] Copying commons-codec-1.6.jar to /home/gcauchis/sources/irc/server/server-core/target/lib/commons-codec-1.6.jar
[INFO] Copying commons-collections-3.2.1.jar to /home/gcauchis/sources/irc/server/server-core/target/lib/commons-collections-3.2.1.jar
[INFO] Copying commons-configuration-1.6.jar to /home/gcauchis/sources/irc/server/server-core/target/lib/commons-configuration-1.6.jar
[INFO] Copying commons-daemon-1.0.10.jar to /home/gcauchis/sources/irc/server/server-core/target/lib/commons-daemon-1.0.10.jar
[INFO] Copying commons-digester-1.8.jar to /home/gcauchis/sources/irc/server/server-core/target/lib/commons-digester-1.8.jar
[INFO] Copying commons-lang-2.6.jar to /home/gcauchis/sources/irc/server/server-core/target/lib/commons-lang-2.6.jar
[INFO] Copying commons-logging-1.0.3.jar to /home/gcauchis/sources/irc/server/server-core/target/lib/commons-logging-1.0.3.jar
[INFO] Copying commons-net-3.1.jar to /home/gcauchis/sources/irc/server/server-core/target/lib/commons-net-3.1.jar
[INFO] Copying commons-pool-1.5.6.jar to /home/gcauchis/sources/irc/server/server-core/target/lib/commons-pool-1.5.6.jar
[INFO] Copying activation-1.1.jar to /home/gcauchis/sources/irc/server/server-core/target/lib/activation-1.1.jar
[INFO] Copying javax.inject-1.jar to /home/gcauchis/sources/irc/server/server-core/target/lib/javax.inject-1.jar
[INFO] Copying jmdns-3.4.1.jar to /home/gcauchis/sources/irc/server/server-core/target/lib/jmdns-3.4.1.jar
[INFO] Copying jms-1.1.jar to /home/gcauchis/sources/irc/server/server-core/target/lib/jms-1.1.jar
[INFO] Copying mail-1.4.jar to /home/gcauchis/sources/irc/server/server-core/target/lib/mail-1.4.jar
[INFO] Copying jstl-1.1.2.jar to /home/gcauchis/sources/irc/server/server-core/target/lib/jstl-1.1.2.jar
[INFO] Copying stax-api-1.0-2.jar to /home/gcauchis/sources/irc/server/server-core/target/lib/stax-api-1.0-2.jar
[INFO] Copying javolution-5.5.1.jar to /home/gcauchis/sources/irc/server/server-core/target/lib/javolution-5.5.1.jar
[INFO] Copying jdom-1.0.jar to /home/gcauchis/sources/irc/server/server-core/target/lib/jdom-1.0.jar
[INFO] Copying jrms-1.1.jar to /home/gcauchis/sources/irc/server/server-core/target/lib/jrms-1.1.jar
[INFO] Copying junit-4.8.2.jar to /home/gcauchis/sources/irc/server/server-core/target/lib/junit-4.8.2.jar
[INFO] Copying log4j-1.2.16.jar to /home/gcauchis/sources/irc/server/server-core/target/lib/log4j-1.2.16.jar
[INFO] Copying sitemesh-2.4.2.jar to /home/gcauchis/sources/irc/server/server-core/target/lib/sitemesh-2.4.2.jar
[INFO] Copying activeio-core-3.1.4.jar to /home/gcauchis/sources/irc/server/server-core/target/lib/activeio-core-3.1.4.jar
[INFO] Copying activemq-camel-5.7.0.jar to /home/gcauchis/sources/irc/server/server-core/target/lib/activemq-camel-5.7.0.jar
[INFO] Copying activemq-console-5.7.0.jar to /home/gcauchis/sources/irc/server/server-core/target/lib/activemq-console-5.7.0.jar
[INFO] Copying activemq-core-5.7.0.jar to /home/gcauchis/sources/irc/server/server-core/target/lib/activemq-core-5.7.0.jar
[INFO] Copying activemq-fileserver-5.7.0.war to /home/gcauchis/sources/irc/server/server-core/target/lib/activemq-fileserver-5.7.0.war
[INFO] Copying activemq-jaas-5.7.0.jar to /home/gcauchis/sources/irc/server/server-core/target/lib/activemq-jaas-5.7.0.jar
[INFO] Copying activemq-leveldb-5.7.0.jar to /home/gcauchis/sources/irc/server/server-core/target/lib/activemq-leveldb-5.7.0.jar
[INFO] Copying activemq-optional-5.7.0.jar to /home/gcauchis/sources/irc/server/server-core/target/lib/activemq-optional-5.7.0.jar
[INFO] Copying activemq-pool-5.7.0.jar to /home/gcauchis/sources/irc/server/server-core/target/lib/activemq-pool-5.7.0.jar
[INFO] Copying activemq-run-5.7.0.jar to /home/gcauchis/sources/irc/server/server-core/target/lib/activemq-run-5.7.0.jar
[INFO] Copying activemq-spring-5.7.0.jar to /home/gcauchis/sources/irc/server/server-core/target/lib/activemq-spring-5.7.0.jar
[INFO] Copying activemq-web-5.7.0.jar to /home/gcauchis/sources/irc/server/server-core/target/lib/activemq-web-5.7.0.jar
[INFO] Copying activemq-web-console-5.7.0.war to /home/gcauchis/sources/irc/server/server-core/target/lib/activemq-web-console-5.7.0.war
[INFO] Copying activemq-web-demo-5.7.0.war to /home/gcauchis/sources/irc/server/server-core/target/lib/activemq-web-demo-5.7.0.war
[INFO] Copying activemq-xmpp-5.7.0.jar to /home/gcauchis/sources/irc/server/server-core/target/lib/activemq-xmpp-5.7.0.jar
[INFO] Copying apache-activemq-5.7.0.pom to /home/gcauchis/sources/irc/server/server-core/target/lib/apache-activemq-5.7.0.pom
[INFO] Copying kahadb-5.7.0.jar to /home/gcauchis/sources/irc/server/server-core/target/lib/kahadb-5.7.0.jar
[INFO] Copying activemq-protobuf-1.1.jar to /home/gcauchis/sources/irc/server/server-core/target/lib/activemq-protobuf-1.1.jar
[INFO] Copying camel-core-2.10.1.jar to /home/gcauchis/sources/irc/server/server-core/target/lib/camel-core-2.10.1.jar
[INFO] Copying camel-jms-2.10.1.jar to /home/gcauchis/sources/irc/server/server-core/target/lib/camel-jms-2.10.1.jar
[INFO] Copying camel-spring-2.10.1.jar to /home/gcauchis/sources/irc/server/server-core/target/lib/camel-spring-2.10.1.jar
[INFO] Copying commons-lang3-3.1.jar to /home/gcauchis/sources/irc/server/server-core/target/lib/commons-lang3-3.1.jar
[INFO] Copying geronimo-activation_1.1_spec-1.0.2.jar to /home/gcauchis/sources/irc/server/server-core/target/lib/geronimo-activation_1.1_spec-1.0.2.jar
[INFO] Copying geronimo-j2ee-connector_1.5_spec-2.0.0.jar to /home/gcauchis/sources/irc/server/server-core/target/lib/geronimo-j2ee-connector_1.5_spec-2.0.0.jar
[INFO] Copying geronimo-j2ee-management_1.1_spec-1.0.1.jar to /home/gcauchis/sources/irc/server/server-core/target/lib/geronimo-j2ee-management_1.1_spec-1.0.1.jar
[INFO] Copying geronimo-jacc_1.1_spec-1.0.1.jar to /home/gcauchis/sources/irc/server/server-core/target/lib/geronimo-jacc_1.1_spec-1.0.1.jar
[INFO] Copying geronimo-jms_1.1_spec-1.1.1.jar to /home/gcauchis/sources/irc/server/server-core/target/lib/geronimo-jms_1.1_spec-1.1.1.jar
[INFO] Copying geronimo-jsp_2.1_spec-1.0.1.jar to /home/gcauchis/sources/irc/server/server-core/target/lib/geronimo-jsp_2.1_spec-1.0.1.jar
[INFO] Copying geronimo-jta_1.0.1B_spec-1.0.1.jar to /home/gcauchis/sources/irc/server/server-core/target/lib/geronimo-jta_1.0.1B_spec-1.0.1.jar
[INFO] Copying geronimo-servlet_2.5_spec-1.2.jar to /home/gcauchis/sources/irc/server/server-core/target/lib/geronimo-servlet_2.5_spec-1.2.jar
[INFO] Copying hadoop-core-1.0.0.jar to /home/gcauchis/sources/irc/server/server-core/target/lib/hadoop-core-1.0.0.jar
[INFO] Copying httpclient-4.2.1.jar to /home/gcauchis/sources/irc/server/server-core/target/lib/httpclient-4.2.1.jar
[INFO] Copying httpcore-4.2.1.jar to /home/gcauchis/sources/irc/server/server-core/target/lib/httpcore-4.2.1.jar
[INFO] Copying org.apache.servicemix.bundles.josql-1.5_5.jar to /home/gcauchis/sources/irc/server/server-core/target/lib/org.apache.servicemix.bundles.josql-1.5_5.jar
[INFO] Copying velocity-1.7.jar to /home/gcauchis/sources/irc/server/server-core/target/lib/velocity-1.7.jar
[INFO] Copying xbean-spring-3.7.jar to /home/gcauchis/sources/irc/server/server-core/target/lib/xbean-spring-3.7.jar
[INFO] Copying jackson-core-asl-1.9.2.jar to /home/gcauchis/sources/irc/server/server-core/target/lib/jackson-core-asl-1.9.2.jar
[INFO] Copying jackson-mapper-asl-1.9.2.jar to /home/gcauchis/sources/irc/server/server-core/target/lib/jackson-mapper-asl-1.9.2.jar
[INFO] Copying jettison-1.3.2.jar to /home/gcauchis/sources/irc/server/server-core/target/lib/jettison-1.3.2.jar
[INFO] Copying stax2-api-3.0.2.jar to /home/gcauchis/sources/irc/server/server-core/target/lib/stax2-api-3.0.2.jar
[INFO] Copying woodstox-core-asl-4.1.4.jar to /home/gcauchis/sources/irc/server/server-core/target/lib/woodstox-core-asl-4.1.4.jar
[INFO] Copying core-3.1.1.jar to /home/gcauchis/sources/irc/server/server-core/target/lib/core-3.1.1.jar
[INFO] Copying ecj-3.5.1.jar to /home/gcauchis/sources/irc/server/server-core/target/lib/ecj-3.5.1.jar
[INFO] Copying jetty-continuation-7.6.7.v20120910.jar to /home/gcauchis/sources/irc/server/server-core/target/lib/jetty-continuation-7.6.7.v20120910.jar
[INFO] Copying jetty-http-7.6.7.v20120910.jar to /home/gcauchis/sources/irc/server/server-core/target/lib/jetty-http-7.6.7.v20120910.jar
[INFO] Copying jetty-io-7.6.7.v20120910.jar to /home/gcauchis/sources/irc/server/server-core/target/lib/jetty-io-7.6.7.v20120910.jar
[INFO] Copying jetty-security-7.6.7.v20120910.jar to /home/gcauchis/sources/irc/server/server-core/target/lib/jetty-security-7.6.7.v20120910.jar
[INFO] Copying jetty-server-7.6.7.v20120910.jar to /home/gcauchis/sources/irc/server/server-core/target/lib/jetty-server-7.6.7.v20120910.jar
[INFO] Copying jetty-servlet-7.6.7.v20120910.jar to /home/gcauchis/sources/irc/server/server-core/target/lib/jetty-servlet-7.6.7.v20120910.jar
[INFO] Copying jetty-util-7.6.7.v20120910.jar to /home/gcauchis/sources/irc/server/server-core/target/lib/jetty-util-7.6.7.v20120910.jar
[INFO] Copying jetty-webapp-7.6.7.v20120910.jar to /home/gcauchis/sources/irc/server/server-core/target/lib/jetty-webapp-7.6.7.v20120910.jar
[INFO] Copying jetty-websocket-7.6.7.v20120910.jar to /home/gcauchis/sources/irc/server/server-core/target/lib/jetty-websocket-7.6.7.v20120910.jar
[INFO] Copying jetty-xml-7.6.7.v20120910.jar to /home/gcauchis/sources/irc/server/server-core/target/lib/jetty-xml-7.6.7.v20120910.jar
[INFO] Copying jetty-all-server-7.6.7.v20120910.jar to /home/gcauchis/sources/irc/server/server-core/target/lib/jetty-all-server-7.6.7.v20120910.jar
[INFO] Copying javax.activation-1.1.0.v201105071233.jar to /home/gcauchis/sources/irc/server/server-core/target/lib/javax.activation-1.1.0.v201105071233.jar
[INFO] Copying javax.annotation-1.1.0.v201108011116.jar to /home/gcauchis/sources/irc/server/server-core/target/lib/javax.annotation-1.1.0.v201108011116.jar
[INFO] Copying javax.mail.glassfish-1.4.1.v201005082020.jar to /home/gcauchis/sources/irc/server/server-core/target/lib/javax.mail.glassfish-1.4.1.v201005082020.jar
[INFO] Copying javax.security.auth.message-1.0.0.v201108011116.jar to /home/gcauchis/sources/irc/server/server-core/target/lib/javax.security.auth.message-1.0.0.v201108011116.jar
[INFO] Copying javax.servlet-2.5.0.v201103041518.jar to /home/gcauchis/sources/irc/server/server-core/target/lib/javax.servlet-2.5.0.v201103041518.jar
[INFO] Copying hawtbuf-1.9.jar to /home/gcauchis/sources/irc/server/server-core/target/lib/hawtbuf-1.9.jar
[INFO] Copying hawtbuf-proto-1.9.jar to /home/gcauchis/sources/irc/server/server-core/target/lib/hawtbuf-proto-1.9.jar
[INFO] Copying hawtdispatch-1.11.jar to /home/gcauchis/sources/irc/server/server-core/target/lib/hawtdispatch-1.11.jar
[INFO] Copying hawtdispatch-scala-1.11.jar to /home/gcauchis/sources/irc/server/server-core/target/lib/hawtdispatch-scala-1.11.jar
[INFO] Copying hawtdispatch-transport-1.11.jar to /home/gcauchis/sources/irc/server/server-core/target/lib/hawtdispatch-transport-1.11.jar
[INFO] Copying hawtjni-runtime-1.6.jar to /home/gcauchis/sources/irc/server/server-core/target/lib/hawtjni-runtime-1.6.jar
[INFO] Copying leveldbjni-1.3.jar to /home/gcauchis/sources/irc/server/server-core/target/lib/leveldbjni-1.3.jar
[INFO] Copying leveldbjni-linux32-1.3.jar to /home/gcauchis/sources/irc/server/server-core/target/lib/leveldbjni-linux32-1.3.jar
[INFO] Copying leveldbjni-linux64-1.3.jar to /home/gcauchis/sources/irc/server/server-core/target/lib/leveldbjni-linux64-1.3.jar
[INFO] Copying leveldbjni-osx-1.3.jar to /home/gcauchis/sources/irc/server/server-core/target/lib/leveldbjni-osx-1.3.jar
[INFO] Copying leveldbjni-win32-1.3.jar to /home/gcauchis/sources/irc/server/server-core/target/lib/leveldbjni-win32-1.3.jar
[INFO] Copying leveldbjni-win64-1.3.jar to /home/gcauchis/sources/irc/server/server-core/target/lib/leveldbjni-win64-1.3.jar
[INFO] Copying mqtt-client-1.3.jar to /home/gcauchis/sources/irc/server/server-core/target/lib/mqtt-client-1.3.jar
[INFO] Copying leveldb-0.2.jar to /home/gcauchis/sources/irc/server/server-core/target/lib/leveldb-0.2.jar
[INFO] Copying leveldb-api-0.2.jar to /home/gcauchis/sources/irc/server/server-core/target/lib/leveldb-api-0.2.jar
[INFO] Copying jasypt-1.9.0.jar to /home/gcauchis/sources/irc/server/server-core/target/lib/jasypt-1.9.0.jar
[INFO] Copying jasypt-spring3-1.9.0.jar to /home/gcauchis/sources/irc/server/server-core/target/lib/jasypt-spring3-1.9.0.jar
[INFO] Copying jetty-6.1.26.jar to /home/gcauchis/sources/irc/server/server-core/target/lib/jetty-6.1.26.jar
[INFO] Copying jetty-util-6.1.26.jar to /home/gcauchis/sources/irc/server/server-core/target/lib/jetty-util-6.1.26.jar
[INFO] Copying jsp-2.1-6.1.14.jar to /home/gcauchis/sources/irc/server/server-core/target/lib/jsp-2.1-6.1.14.jar
[INFO] Copying jsp-2.1-glassfish-2.1.v20100127.jar to /home/gcauchis/sources/irc/server/server-core/target/lib/jsp-2.1-glassfish-2.1.v20100127.jar
[INFO] Copying jsp-api-2.1-6.1.14.jar to /home/gcauchis/sources/irc/server/server-core/target/lib/jsp-api-2.1-6.1.14.jar
[INFO] Copying jsp-api-2.1-glassfish-2.1.v20100127.jar to /home/gcauchis/sources/irc/server/server-core/target/lib/jsp-api-2.1-glassfish-2.1.v20100127.jar
[INFO] Copying servlet-api-2.5-20081211.jar to /home/gcauchis/sources/irc/server/server-core/target/lib/servlet-api-2.5-20081211.jar
[INFO] Copying servlet-api-2.5-6.1.14.jar to /home/gcauchis/sources/irc/server/server-core/target/lib/servlet-api-2.5-6.1.14.jar
[INFO] Copying scala-library-2.9.1.jar to /home/gcauchis/sources/irc/server/server-core/target/lib/scala-library-2.9.1.jar
[INFO] Copying jcl-over-slf4j-1.6.6.jar to /home/gcauchis/sources/irc/server/server-core/target/lib/jcl-over-slf4j-1.6.6.jar
[INFO] Copying slf4j-api-1.6.4.jar to /home/gcauchis/sources/irc/server/server-core/target/lib/slf4j-api-1.6.4.jar
[INFO] Copying slf4j-jdk14-1.6.4.jar to /home/gcauchis/sources/irc/server/server-core/target/lib/slf4j-jdk14-1.6.4.jar
[INFO] Copying slf4j-log4j12-1.6.6.jar to /home/gcauchis/sources/irc/server/server-core/target/lib/slf4j-log4j12-1.6.6.jar
[INFO] Copying spring-aop-3.2.0.RELEASE.jar to /home/gcauchis/sources/irc/server/server-core/target/lib/spring-aop-3.2.0.RELEASE.jar
[INFO] Copying spring-beans-3.2.0.RELEASE.jar to /home/gcauchis/sources/irc/server/server-core/target/lib/spring-beans-3.2.0.RELEASE.jar
[INFO] Copying spring-context-3.2.0.RELEASE.jar to /home/gcauchis/sources/irc/server/server-core/target/lib/spring-context-3.2.0.RELEASE.jar
[INFO] Copying spring-core-3.2.0.RELEASE.jar to /home/gcauchis/sources/irc/server/server-core/target/lib/spring-core-3.2.0.RELEASE.jar
[INFO] Copying spring-expression-3.2.0.RELEASE.jar to /home/gcauchis/sources/irc/server/server-core/target/lib/spring-expression-3.2.0.RELEASE.jar
[INFO] Copying spring-jms-3.2.0.RELEASE.jar to /home/gcauchis/sources/irc/server/server-core/target/lib/spring-jms-3.2.0.RELEASE.jar
[INFO] Copying spring-oxm-3.2.0.RELEASE.jar to /home/gcauchis/sources/irc/server/server-core/target/lib/spring-oxm-3.2.0.RELEASE.jar
[INFO] Copying spring-test-3.2.0.RELEASE.jar to /home/gcauchis/sources/irc/server/server-core/target/lib/spring-test-3.2.0.RELEASE.jar
[INFO] Copying spring-tx-3.2.0.RELEASE.jar to /home/gcauchis/sources/irc/server/server-core/target/lib/spring-tx-3.2.0.RELEASE.jar
[INFO] Copying spring-web-3.2.0.RELEASE.jar to /home/gcauchis/sources/irc/server/server-core/target/lib/spring-web-3.2.0.RELEASE.jar
[INFO] Copying spring-webmvc-3.2.0.RELEASE.jar to /home/gcauchis/sources/irc/server/server-core/target/lib/spring-webmvc-3.2.0.RELEASE.jar
[INFO] Copying spring-osgi-core-1.2.1.jar to /home/gcauchis/sources/irc/server/server-core/target/lib/spring-osgi-core-1.2.1.jar
[INFO] Copying spring-osgi-io-1.2.1.jar to /home/gcauchis/sources/irc/server/server-core/target/lib/spring-osgi-io-1.2.1.jar
[INFO] Copying snappy-java-1.0.3.jar to /home/gcauchis/sources/irc/server/server-core/target/lib/snappy-java-1.0.3.jar
[INFO] Copying rome-1.0.jar to /home/gcauchis/sources/irc/server/server-core/target/lib/rome-1.0.jar
[INFO] Copying stax-api-1.0.1.jar to /home/gcauchis/sources/irc/server/server-core/target/lib/stax-api-1.0.1.jar
[INFO] Copying standard-1.1.2.jar to /home/gcauchis/sources/irc/server/server-core/target/lib/standard-1.1.2.jar
[INFO] Copying xercesImpl-2.6.2.jar to /home/gcauchis/sources/irc/server/server-core/target/lib/xercesImpl-2.6.2.jar
[INFO] Copying xmlParserAPIs-2.6.2.jar to /home/gcauchis/sources/irc/server/server-core/target/lib/xmlParserAPIs-2.6.2.jar
[INFO] Copying xmlpull-1.1.3.1.jar to /home/gcauchis/sources/irc/server/server-core/target/lib/xmlpull-1.1.3.1.jar
[INFO] Copying xpp3-1.1.4c.jar to /home/gcauchis/sources/irc/server/server-core/target/lib/xpp3-1.1.4c.jar
[INFO] Copying xpp3_min-1.1.4c.jar to /home/gcauchis/sources/irc/server/server-core/target/lib/xpp3_min-1.1.4c.jar
[INFO] [jar:jar {execution: default-jar}]
[INFO] Building jar: /home/gcauchis/sources/irc/server/server-core/target/server-core-0.0.2-SNAPSHOT.jar
[INFO] [install:install {execution: default-install}]
[INFO] Installing /home/gcauchis/sources/irc/server/server-core/target/server-core-0.0.2-SNAPSHOT.jar to /home/gcauchis/.m2/repository/com/gc/irc/server-core/0.0.2-SNAPSHOT/server-core-0.0.2-SNAPSHOT.jar
[INFO] Preparing assembly:assembly
[INFO] ------------------------------------------------------------------------
[INFO] Building server-core
[INFO] ------------------------------------------------------------------------
[WARNING] Removing: assembly from forked lifecycle, to prevent recursive invocation.
[INFO] [resources:copy-resources {execution: copy-conf}]
[INFO] Using 'UTF-8' encoding to copy filtered resources.
[INFO] Copying 1 resource
[INFO] [resources:resources {execution: default-resources}]
[INFO] Using 'UTF-8' encoding to copy filtered resources.
[INFO] Copying 2 resources
[INFO] [compiler:compile {execution: default-compile}]
[INFO] Nothing to compile - all classes are up to date
[INFO] [resources:testResources {execution: default-testResources}]
[INFO] Using 'UTF-8' encoding to copy filtered resources.
[INFO] Copying 1 resource
[INFO] [compiler:testCompile {execution: default-testCompile}]
[INFO] Nothing to compile - all classes are up to date
[INFO] [surefire:test {execution: default-test}]
[INFO] Skipping execution of surefire because it has already been run for this configuration
[INFO] [dependency:copy-dependencies {execution: copy-dependencies}]
[INFO] jaxp-api-1.3.jar already exists in destination.
[INFO] ant-1.6.5.jar already exists in destination.
[INFO] aopalliance-1.0.jar already exists in destination.
[INFO] bcprov-jdk16-140.jar already exists in destination.
[INFO] common-0.0.2-SNAPSHOT.jar already exists in destination.
[INFO] server-model-0.0.2-SNAPSHOT.jar already exists in destination.
[INFO] server-service-api-0.0.2-SNAPSHOT.jar already exists in destination.
[INFO] server-service-impl-file-0.0.2-SNAPSHOT.jar already exists in destination.
[INFO] jsr305-1.3.9.jar already exists in destination.
[INFO] guava-10.0.1.jar already exists in destination.
[INFO] guice-3.0.jar already exists in destination.
[INFO] guice-multibindings-3.0.jar already exists in destination.
[INFO] xstream-1.4.3.jar already exists in destination.
[INFO] mx-native-loader-1.2.jar already exists in destination.
[INFO] commons-beanutils-1.8.3.jar already exists in destination.
[INFO] commons-beanutils-core-1.8.0.jar already exists in destination.
[INFO] commons-codec-1.6.jar already exists in destination.
[INFO] commons-collections-3.2.1.jar already exists in destination.
[INFO] commons-configuration-1.6.jar already exists in destination.
[INFO] commons-daemon-1.0.10.jar already exists in destination.
[INFO] commons-digester-1.8.jar already exists in destination.
[INFO] commons-lang-2.6.jar already exists in destination.
[INFO] commons-logging-1.0.3.jar already exists in destination.
[INFO] commons-net-3.1.jar already exists in destination.
[INFO] commons-pool-1.5.6.jar already exists in destination.
[INFO] activation-1.1.jar already exists in destination.
[INFO] javax.inject-1.jar already exists in destination.
[INFO] jmdns-3.4.1.jar already exists in destination.
[INFO] jms-1.1.jar already exists in destination.
[INFO] mail-1.4.jar already exists in destination.
[INFO] jstl-1.1.2.jar already exists in destination.
[INFO] stax-api-1.0-2.jar already exists in destination.
[INFO] javolution-5.5.1.jar already exists in destination.
[INFO] jdom-1.0.jar already exists in destination.
[INFO] jrms-1.1.jar already exists in destination.
[INFO] junit-4.8.2.jar already exists in destination.
[INFO] log4j-1.2.16.jar already exists in destination.
[INFO] sitemesh-2.4.2.jar already exists in destination.
[INFO] activeio-core-3.1.4.jar already exists in destination.
[INFO] activemq-camel-5.7.0.jar already exists in destination.
[INFO] activemq-console-5.7.0.jar already exists in destination.
[INFO] activemq-core-5.7.0.jar already exists in destination.
[INFO] activemq-fileserver-5.7.0.war already exists in destination.
[INFO] activemq-jaas-5.7.0.jar already exists in destination.
[INFO] activemq-leveldb-5.7.0.jar already exists in destination.
[INFO] activemq-optional-5.7.0.jar already exists in destination.
[INFO] activemq-pool-5.7.0.jar already exists in destination.
[INFO] activemq-run-5.7.0.jar already exists in destination.
[INFO] activemq-spring-5.7.0.jar already exists in destination.
[INFO] activemq-web-5.7.0.jar already exists in destination.
[INFO] activemq-web-console-5.7.0.war already exists in destination.
[INFO] activemq-web-demo-5.7.0.war already exists in destination.
[INFO] activemq-xmpp-5.7.0.jar already exists in destination.
[INFO] apache-activemq-5.7.0.pom already exists in destination.
[INFO] kahadb-5.7.0.jar already exists in destination.
[INFO] activemq-protobuf-1.1.jar already exists in destination.
[INFO] camel-core-2.10.1.jar already exists in destination.
[INFO] camel-jms-2.10.1.jar already exists in destination.
[INFO] camel-spring-2.10.1.jar already exists in destination.
[INFO] commons-lang3-3.1.jar already exists in destination.
[INFO] geronimo-activation_1.1_spec-1.0.2.jar already exists in destination.
[INFO] geronimo-j2ee-connector_1.5_spec-2.0.0.jar already exists in destination.
[INFO] geronimo-j2ee-management_1.1_spec-1.0.1.jar already exists in destination.
[INFO] geronimo-jacc_1.1_spec-1.0.1.jar already exists in destination.
[INFO] geronimo-jms_1.1_spec-1.1.1.jar already exists in destination.
[INFO] geronimo-jsp_2.1_spec-1.0.1.jar already exists in destination.
[INFO] geronimo-jta_1.0.1B_spec-1.0.1.jar already exists in destination.
[INFO] geronimo-servlet_2.5_spec-1.2.jar already exists in destination.
[INFO] hadoop-core-1.0.0.jar already exists in destination.
[INFO] httpclient-4.2.1.jar already exists in destination.
[INFO] httpcore-4.2.1.jar already exists in destination.
[INFO] org.apache.servicemix.bundles.josql-1.5_5.jar already exists in destination.
[INFO] velocity-1.7.jar already exists in destination.
[INFO] xbean-spring-3.7.jar already exists in destination.
[INFO] jackson-core-asl-1.9.2.jar already exists in destination.
[INFO] jackson-mapper-asl-1.9.2.jar already exists in destination.
[INFO] jettison-1.3.2.jar already exists in destination.
[INFO] stax2-api-3.0.2.jar already exists in destination.
[INFO] woodstox-core-asl-4.1.4.jar already exists in destination.
[INFO] core-3.1.1.jar already exists in destination.
[INFO] ecj-3.5.1.jar already exists in destination.
[INFO] jetty-continuation-7.6.7.v20120910.jar already exists in destination.
[INFO] jetty-http-7.6.7.v20120910.jar already exists in destination.
[INFO] jetty-io-7.6.7.v20120910.jar already exists in destination.
[INFO] jetty-security-7.6.7.v20120910.jar already exists in destination.
[INFO] jetty-server-7.6.7.v20120910.jar already exists in destination.
[INFO] jetty-servlet-7.6.7.v20120910.jar already exists in destination.
[INFO] jetty-util-7.6.7.v20120910.jar already exists in destination.
[INFO] jetty-webapp-7.6.7.v20120910.jar already exists in destination.
[INFO] jetty-websocket-7.6.7.v20120910.jar already exists in destination.
[INFO] jetty-xml-7.6.7.v20120910.jar already exists in destination.
[INFO] jetty-all-server-7.6.7.v20120910.jar already exists in destination.
[INFO] javax.activation-1.1.0.v201105071233.jar already exists in destination.
[INFO] javax.annotation-1.1.0.v201108011116.jar already exists in destination.
[INFO] javax.mail.glassfish-1.4.1.v201005082020.jar already exists in destination.
[INFO] javax.security.auth.message-1.0.0.v201108011116.jar already exists in destination.
[INFO] javax.servlet-2.5.0.v201103041518.jar already exists in destination.
[INFO] hawtbuf-1.9.jar already exists in destination.
[INFO] hawtbuf-proto-1.9.jar already exists in destination.
[INFO] hawtdispatch-1.11.jar already exists in destination.
[INFO] hawtdispatch-scala-1.11.jar already exists in destination.
[INFO] hawtdispatch-transport-1.11.jar already exists in destination.
[INFO] hawtjni-runtime-1.6.jar already exists in destination.
[INFO] leveldbjni-1.3.jar already exists in destination.
[INFO] leveldbjni-linux32-1.3.jar already exists in destination.
[INFO] leveldbjni-linux64-1.3.jar already exists in destination.
[INFO] leveldbjni-osx-1.3.jar already exists in destination.
[INFO] leveldbjni-win32-1.3.jar already exists in destination.
[INFO] leveldbjni-win64-1.3.jar already exists in destination.
[INFO] mqtt-client-1.3.jar already exists in destination.
[INFO] leveldb-0.2.jar already exists in destination.
[INFO] leveldb-api-0.2.jar already exists in destination.
[INFO] jasypt-1.9.0.jar already exists in destination.
[INFO] jasypt-spring3-1.9.0.jar already exists in destination.
[INFO] jetty-6.1.26.jar already exists in destination.
[INFO] jetty-util-6.1.26.jar already exists in destination.
[INFO] jsp-2.1-6.1.14.jar already exists in destination.
[INFO] jsp-2.1-glassfish-2.1.v20100127.jar already exists in destination.
[INFO] jsp-api-2.1-6.1.14.jar already exists in destination.
[INFO] jsp-api-2.1-glassfish-2.1.v20100127.jar already exists in destination.
[INFO] servlet-api-2.5-20081211.jar already exists in destination.
[INFO] servlet-api-2.5-6.1.14.jar already exists in destination.
[INFO] scala-library-2.9.1.jar already exists in destination.
[INFO] jcl-over-slf4j-1.6.6.jar already exists in destination.
[INFO] slf4j-api-1.6.4.jar already exists in destination.
[INFO] slf4j-jdk14-1.6.4.jar already exists in destination.
[INFO] slf4j-log4j12-1.6.6.jar already exists in destination.
[INFO] spring-aop-3.2.0.RELEASE.jar already exists in destination.
[INFO] spring-beans-3.2.0.RELEASE.jar already exists in destination.
[INFO] spring-context-3.2.0.RELEASE.jar already exists in destination.
[INFO] spring-core-3.2.0.RELEASE.jar already exists in destination.
[INFO] spring-expression-3.2.0.RELEASE.jar already exists in destination.
[INFO] spring-jms-3.2.0.RELEASE.jar already exists in destination.
[INFO] spring-oxm-3.2.0.RELEASE.jar already exists in destination.
[INFO] spring-test-3.2.0.RELEASE.jar already exists in destination.
[INFO] spring-tx-3.2.0.RELEASE.jar already exists in destination.
[INFO] spring-web-3.2.0.RELEASE.jar already exists in destination.
[INFO] spring-webmvc-3.2.0.RELEASE.jar already exists in destination.
[INFO] spring-osgi-core-1.2.1.jar already exists in destination.
[INFO] spring-osgi-io-1.2.1.jar already exists in destination.
[INFO] snappy-java-1.0.3.jar already exists in destination.
[INFO] rome-1.0.jar already exists in destination.
[INFO] stax-api-1.0.1.jar already exists in destination.
[INFO] standard-1.1.2.jar already exists in destination.
[INFO] xercesImpl-2.6.2.jar already exists in destination.
[INFO] xmlParserAPIs-2.6.2.jar already exists in destination.
[INFO] xmlpull-1.1.3.1.jar already exists in destination.
[INFO] xpp3-1.1.4c.jar already exists in destination.
[INFO] xpp3_min-1.1.4c.jar already exists in destination.
[INFO] [jar:jar {execution: default-jar}]
[INFO] [assembly:assembly {execution: distro-assembly}]
[INFO] Reading assembly descriptor: src/assemble/delivery.xml
[INFO] Building zip: /home/gcauchis/sources/irc/server/server-core/target/server-core-0.0.2-SNAPSHOT-delivery.zip
[INFO] ------------------------------------------------------------------------
[INFO] BUILD SUCCESSFUL
[INFO] ------------------------------------------------------------------------
[INFO] Total time: 1 minute 10 seconds
[INFO] Finished at: Wed Jan 23 20:10:37 CET 2013
[INFO] Final Memory: 76M/422M
[INFO] ------------------------------------------------------------------------
